<?xml version="1.0" encoding="UTF-8"?>
<!-- Generated by org.testng.reporters.JUnitReportReporter -->
<testsuite skipped="0" hostname="NILESH-PC" name="LoginTest" tests="1" failures="0" timestamp="22 Nov 2018 05:50:20 GMT" time="20.385" errors="0">
  <testcase name="LoginAuthentication" time="20.385" classname="LoginTest"/>
</testsuite> <!-- LoginTest -->
